c:\users\vlascu\desktop\cursuriunitbv\anul2\ag\tema_1\tema_1\x64\debug\tema_1.obj
c:\users\vlascu\desktop\cursuriunitbv\anul2\ag\tema_1\tema_1\x64\debug\arch.obj
c:\users\vlascu\desktop\cursuriunitbv\anul2\ag\tema_1\tema_1\x64\debug\graph.obj
c:\users\vlascu\desktop\cursuriunitbv\anul2\ag\tema_1\tema_1\x64\debug\node.obj
c:\users\vlascu\desktop\cursuriunitbv\anul2\ag\tema_1\tema_1\x64\debug\main.obj
c:\users\vlascu\desktop\cursuriunitbv\anul2\ag\tema_1\tema_1\x64\debug\vc143.pdb
c:\users\vlascu\desktop\cursuriunitbv\anul2\ag\tema_1\tema_1\x64\debug\moc_tema_1.obj
c:\users\vlascu\desktop\cursuriunitbv\anul2\ag\tema_1\tema_1\x64\debug\qrc_tema_1.obj
c:\users\vlascu\desktop\cursuriunitbv\anul2\ag\tema_1\x64\debug\tema_1.exe
c:\users\vlascu\desktop\cursuriunitbv\anul2\ag\tema_1\x64\debug\tema_1.ilk
c:\users\vlascu\desktop\cursuriunitbv\anul2\ag\tema_1\x64\debug\tema_1.pdb
c:\users\vlascu\desktop\cursuriunitbv\anul2\ag\tema_1\tema_1\x64\debug\moc\moc_tema_1.cpp
c:\users\vlascu\desktop\cursuriunitbv\anul2\ag\tema_1\tema_1\x64\debug\rcc\qrc_tema_1.cpp
c:\users\vlascu\desktop\cursuriunitbv\anul2\ag\tema_1\tema_1\x64\debug\uic\ui_tema_1.h
c:\users\vlascu\desktop\cursuriunitbv\anul2\ag\tema_1\tema_1\x64\debug\tema_1.tlog\cl.command.1.tlog
c:\users\vlascu\desktop\cursuriunitbv\anul2\ag\tema_1\tema_1\x64\debug\tema_1.tlog\cl.items.tlog
c:\users\vlascu\desktop\cursuriunitbv\anul2\ag\tema_1\tema_1\x64\debug\tema_1.tlog\cl.read.1.tlog
c:\users\vlascu\desktop\cursuriunitbv\anul2\ag\tema_1\tema_1\x64\debug\tema_1.tlog\cl.write.1.tlog
c:\users\vlascu\desktop\cursuriunitbv\anul2\ag\tema_1\tema_1\x64\debug\tema_1.tlog\link.command.1.tlog
c:\users\vlascu\desktop\cursuriunitbv\anul2\ag\tema_1\tema_1\x64\debug\tema_1.tlog\link.read.1.tlog
c:\users\vlascu\desktop\cursuriunitbv\anul2\ag\tema_1\tema_1\x64\debug\tema_1.tlog\link.write.1.tlog
c:\users\vlascu\desktop\cursuriunitbv\anul2\ag\tema_1\tema_1\x64\debug\tema_1.tlog\moc.read.1u.tlog
c:\users\vlascu\desktop\cursuriunitbv\anul2\ag\tema_1\tema_1\x64\debug\tema_1.tlog\moc.write.1u.tlog
c:\users\vlascu\desktop\cursuriunitbv\anul2\ag\tema_1\tema_1\x64\debug\tema_1.tlog\rcc.read.1u.tlog
c:\users\vlascu\desktop\cursuriunitbv\anul2\ag\tema_1\tema_1\x64\debug\tema_1.tlog\rcc.write.1u.tlog
c:\users\vlascu\desktop\cursuriunitbv\anul2\ag\tema_1\tema_1\x64\debug\tema_1.tlog\tema_1.write.1u.tlog
c:\users\vlascu\desktop\cursuriunitbv\anul2\ag\tema_1\tema_1\x64\debug\tema_1.tlog\uic.read.1u.tlog
c:\users\vlascu\desktop\cursuriunitbv\anul2\ag\tema_1\tema_1\x64\debug\tema_1.tlog\uic.write.1u.tlog
